2019-02-28 15:24:40.803 [main] INFO  com.yll.cache.Y2lcacheApplication -Starting Y2lcacheApplication on LQWLANT035 with PID 19260 (D:\IdeaProjects\y2lcache\target\classes started by yys1778 in D:\IdeaProjects\y2lcache)
2019-02-28 15:24:40.806 [main] INFO  com.yll.cache.Y2lcacheApplication -No active profile set, falling back to default profiles: default
2019-02-28 15:24:41.714 [main] INFO  o.s.d.r.c.RepositoryConfigurationDelegate -Multiple Spring Data modules found, entering strict repository configuration mode!
2019-02-28 15:24:41.716 [main] INFO  o.s.d.r.c.RepositoryConfigurationDelegate -Bootstrapping Spring Data repositories in DEFAULT mode.
2019-02-28 15:24:41.763 [main] INFO  o.s.d.r.c.RepositoryConfigurationDelegate -Finished Spring Data repository scanning in 28ms. Found 0 repository interfaces.
2019-02-28 15:24:42.782 [main] INFO  o.s.b.w.e.tomcat.TomcatWebServer -Tomcat initialized with port(s): 8011 (http)
2019-02-28 15:24:42.809 [main] INFO  o.a.coyote.http11.Http11NioProtocol -Initializing ProtocolHandler ["http-nio-8011"]
2019-02-28 15:24:42.821 [main] INFO  o.a.catalina.core.StandardService -Starting service [Tomcat]
2019-02-28 15:24:42.822 [main] INFO  o.a.catalina.core.StandardEngine -Starting Servlet engine: [Apache Tomcat/9.0.16]
2019-02-28 15:24:42.832 [main] INFO  o.a.c.core.AprLifecycleListener -The APR based Apache Tomcat Native library which allows optimal performance in production environments was not found on the java.library.path: [D:\Java\jdk1.8.0_191\bin;C:\Windows\Sun\Java\bin;C:\Windows\system32;C:\Windows;D:\Java\jdk1.8.0_191\bin;D:\Java\jdk1.8.0_191\jre\bin;D:\apache-maven-3.5.4\bin;C:\Windows\system32;C:\Windows;C:\Windows\System32\Wbem;C:\Windows\System32\WindowsPowerShell\v1.0\;D:\Program Files\Git\cmd;D:\Program Files\Redis\;.]
2019-02-28 15:24:43.055 [main] INFO  o.a.c.c.C.[Tomcat].[localhost].[/] -Initializing Spring embedded WebApplicationContext
2019-02-28 15:24:43.056 [main] INFO  o.s.web.context.ContextLoader -Root WebApplicationContext: initialization completed in 2194 ms
2019-02-28 15:24:43.333 [main] INFO  c.y.cache.config.RedisConfiguration -初始化 -> [Redis CacheErrorHandler]
2019-02-28 15:24:43.637 [main] INFO  o.s.s.c.ThreadPoolTaskExecutor -Initializing ExecutorService 'applicationTaskExecutor'
2019-02-28 15:24:43.926 [main] INFO  o.a.coyote.http11.Http11NioProtocol -Starting ProtocolHandler ["http-nio-8011"]
2019-02-28 15:24:43.955 [main] INFO  o.s.b.w.e.tomcat.TomcatWebServer -Tomcat started on port(s): 8011 (http) with context path ''
2019-02-28 15:24:43.958 [main] INFO  com.yll.cache.Y2lcacheApplication -Started Y2lcacheApplication in 3.506 seconds (JVM running for 5.86)
2019-02-28 15:24:59.325 [http-nio-8011-exec-2] INFO  o.a.c.c.C.[Tomcat].[localhost].[/] -Initializing Spring DispatcherServlet 'dispatcherServlet'
2019-02-28 15:24:59.326 [http-nio-8011-exec-2] INFO  o.s.web.servlet.DispatcherServlet -Initializing Servlet 'dispatcherServlet'
2019-02-28 15:24:59.332 [http-nio-8011-exec-2] INFO  o.s.web.servlet.DispatcherServlet -Completed initialization in 6 ms
2019-02-28 15:24:59.475 [http-nio-8011-exec-2] INFO  io.lettuce.core.EpollProvider -Starting without optional epoll library
2019-02-28 15:24:59.476 [http-nio-8011-exec-2] INFO  io.lettuce.core.KqueueProvider -Starting without optional kqueue library
2019-02-28 15:24:59.928 [http-nio-8011-exec-2] ERROR o.a.c.c.C.[.[.[.[dispatcherServlet] -Servlet.service() for servlet [dispatcherServlet] in context with path [] threw exception [Request processing failed; nested exception is org.springframework.data.redis.serializer.SerializationException: Could not read JSON: Cannot construct instance of `com.yll.cache.controller.TestController$User` (although at least one Creator exists): can only instantiate non-static inner class by using default, no-argument constructor
 at [Source: (byte[])"["com.yll.cache.controller.TestController$User",{"id":123,"name":"张三","age":24}]"; line: 1, column: 50]; nested exception is com.fasterxml.jackson.databind.exc.MismatchedInputException: Cannot construct instance of `com.yll.cache.controller.TestController$User` (although at least one Creator exists): can only instantiate non-static inner class by using default, no-argument constructor
 at [Source: (byte[])"["com.yll.cache.controller.TestController$User",{"id":123,"name":"张三","age":24}]"; line: 1, column: 50]] with root cause
com.fasterxml.jackson.databind.exc.MismatchedInputException: Cannot construct instance of `com.yll.cache.controller.TestController$User` (although at least one Creator exists): can only instantiate non-static inner class by using default, no-argument constructor
 at [Source: (byte[])"["com.yll.cache.controller.TestController$User",{"id":123,"name":"张三","age":24}]"; line: 1, column: 50]
	at com.fasterxml.jackson.databind.exc.MismatchedInputException.from(MismatchedInputException.java:63)
	at com.fasterxml.jackson.databind.DeserializationContext.reportInputMismatch(DeserializationContext.java:1343)
	at com.fasterxml.jackson.databind.DeserializationContext.handleMissingInstantiator(DeserializationContext.java:1032)
	at com.fasterxml.jackson.databind.deser.BeanDeserializerBase.deserializeFromObjectUsingNonDefault(BeanDeserializerBase.java:1294)
	at com.fasterxml.jackson.databind.deser.BeanDeserializer.deserializeFromObject(BeanDeserializer.java:326)
	at com.fasterxml.jackson.databind.deser.BeanDeserializer.deserialize(BeanDeserializer.java:159)
	at com.fasterxml.jackson.databind.jsontype.impl.AsArrayTypeDeserializer._deserialize(AsArrayTypeDeserializer.java:116)
	at com.fasterxml.jackson.databind.jsontype.impl.AsArrayTypeDeserializer.deserializeTypedFromAny(AsArrayTypeDeserializer.java:71)
	at com.fasterxml.jackson.databind.deser.std.UntypedObjectDeserializer$Vanilla.deserializeWithType(UntypedObjectDeserializer.java:712)
	at com.fasterxml.jackson.databind.deser.impl.TypeWrappedDeserializer.deserialize(TypeWrappedDeserializer.java:68)
	at com.fasterxml.jackson.databind.ObjectMapper._readMapAndClose(ObjectMapper.java:4013)
	at com.fasterxml.jackson.databind.ObjectMapper.readValue(ObjectMapper.java:3129)
	at org.springframework.data.redis.serializer.Jackson2JsonRedisSerializer.deserialize(Jackson2JsonRedisSerializer.java:73)
	at org.springframework.data.redis.core.AbstractOperations.deserializeValue(AbstractOperations.java:334)
	at org.springframework.data.redis.core.AbstractOperations$ValueDeserializingRedisCallback.doInRedis(AbstractOperations.java:60)
	at org.springframework.data.redis.core.RedisTemplate.execute(RedisTemplate.java:224)
	at org.springframework.data.redis.core.RedisTemplate.execute(RedisTemplate.java:184)
	at org.springframework.data.redis.core.AbstractOperations.execute(AbstractOperations.java:95)
	at org.springframework.data.redis.core.DefaultValueOperations.get(DefaultValueOperations.java:53)
	at com.yll.cache.utils.RedisUtils.get(RedisUtils.java:112)
	at com.yll.cache.controller.TestController.demo(TestController.java:41)
	at sun.reflect.NativeMethodAccessorImpl.invoke0(Native Method)
	at sun.reflect.NativeMethodAccessorImpl.invoke(NativeMethodAccessorImpl.java:62)
	at sun.reflect.DelegatingMethodAccessorImpl.invoke(DelegatingMethodAccessorImpl.java:43)
	at java.lang.reflect.Method.invoke(Method.java:498)
	at org.springframework.web.method.support.InvocableHandlerMethod.doInvoke(InvocableHandlerMethod.java:189)
	at org.springframework.web.method.support.InvocableHandlerMethod.invokeForRequest(InvocableHandlerMethod.java:138)
	at org.springframework.web.servlet.mvc.method.annotation.ServletInvocableHandlerMethod.invokeAndHandle(ServletInvocableHandlerMethod.java:102)
	at org.springframework.web.servlet.mvc.method.annotation.RequestMappingHandlerAdapter.invokeHandlerMethod(RequestMappingHandlerAdapter.java:895)
	at org.springframework.web.servlet.mvc.method.annotation.RequestMappingHandlerAdapter.handleInternal(RequestMappingHandlerAdapter.java:800)
	at org.springframework.web.servlet.mvc.method.AbstractHandlerMethodAdapter.handle(AbstractHandlerMethodAdapter.java:87)
	at org.springframework.web.servlet.DispatcherServlet.doDispatch(DispatcherServlet.java:1038)
	at org.springframework.web.servlet.DispatcherServlet.doService(DispatcherServlet.java:942)
	at org.springframework.web.servlet.FrameworkServlet.processRequest(FrameworkServlet.java:1005)
	at org.springframework.web.servlet.FrameworkServlet.doGet(FrameworkServlet.java:897)
	at javax.servlet.http.HttpServlet.service(HttpServlet.java:634)
	at org.springframework.web.servlet.FrameworkServlet.service(FrameworkServlet.java:882)
	at javax.servlet.http.HttpServlet.service(HttpServlet.java:741)
	at org.apache.catalina.core.ApplicationFilterChain.internalDoFilter(ApplicationFilterChain.java:231)
	at org.apache.catalina.core.ApplicationFilterChain.doFilter(ApplicationFilterChain.java:166)
	at org.apache.tomcat.websocket.server.WsFilter.doFilter(WsFilter.java:53)
	at org.apache.catalina.core.ApplicationFilterChain.internalDoFilter(ApplicationFilterChain.java:193)
	at org.apache.catalina.core.ApplicationFilterChain.doFilter(ApplicationFilterChain.java:166)
	at org.springframework.web.filter.RequestContextFilter.doFilterInternal(RequestContextFilter.java:99)
	at org.springframework.web.filter.OncePerRequestFilter.doFilter(OncePerRequestFilter.java:107)
	at org.apache.catalina.core.ApplicationFilterChain.internalDoFilter(ApplicationFilterChain.java:193)
	at org.apache.catalina.core.ApplicationFilterChain.doFilter(ApplicationFilterChain.java:166)
	at org.springframework.web.filter.FormContentFilter.doFilterInternal(FormContentFilter.java:92)
	at org.springframework.web.filter.OncePerRequestFilter.doFilter(OncePerRequestFilter.java:107)
	at org.apache.catalina.core.ApplicationFilterChain.internalDoFilter(ApplicationFilterChain.java:193)
	at org.apache.catalina.core.ApplicationFilterChain.doFilter(ApplicationFilterChain.java:166)
	at org.springframework.web.filter.HiddenHttpMethodFilter.doFilterInternal(HiddenHttpMethodFilter.java:93)
	at org.springframework.web.filter.OncePerRequestFilter.doFilter(OncePerRequestFilter.java:107)
	at org.apache.catalina.core.ApplicationFilterChain.internalDoFilter(ApplicationFilterChain.java:193)
	at org.apache.catalina.core.ApplicationFilterChain.doFilter(ApplicationFilterChain.java:166)
	at org.springframework.web.filter.CharacterEncodingFilter.doFilterInternal(CharacterEncodingFilter.java:200)
	at org.springframework.web.filter.OncePerRequestFilter.doFilter(OncePerRequestFilter.java:107)
	at org.apache.catalina.core.ApplicationFilterChain.internalDoFilter(ApplicationFilterChain.java:193)
	at org.apache.catalina.core.ApplicationFilterChain.doFilter(ApplicationFilterChain.java:166)
	at org.apache.catalina.core.StandardWrapperValve.invoke(StandardWrapperValve.java:200)
	at org.apache.catalina.core.StandardContextValve.invoke(StandardContextValve.java:96)
	at org.apache.catalina.authenticator.AuthenticatorBase.invoke(AuthenticatorBase.java:490)
	at org.apache.catalina.core.StandardHostValve.invoke(StandardHostValve.java:139)
	at org.apache.catalina.valves.ErrorReportValve.invoke(ErrorReportValve.java:92)
	at org.apache.catalina.core.StandardEngineValve.invoke(StandardEngineValve.java:74)
	at org.apache.catalina.connector.CoyoteAdapter.service(CoyoteAdapter.java:343)
	at org.apache.coyote.http11.Http11Processor.service(Http11Processor.java:408)
	at org.apache.coyote.AbstractProcessorLight.process(AbstractProcessorLight.java:66)
	at org.apache.coyote.AbstractProtocol$ConnectionHandler.process(AbstractProtocol.java:834)
	at org.apache.tomcat.util.net.NioEndpoint$SocketProcessor.doRun(NioEndpoint.java:1415)
	at org.apache.tomcat.util.net.SocketProcessorBase.run(SocketProcessorBase.java:49)
	at java.util.concurrent.ThreadPoolExecutor.runWorker(ThreadPoolExecutor.java:1149)
	at java.util.concurrent.ThreadPoolExecutor$Worker.run(ThreadPoolExecutor.java:624)
	at org.apache.tomcat.util.threads.TaskThread$WrappingRunnable.run(TaskThread.java:61)
	at java.lang.Thread.run(Thread.java:748)
2019-02-28 16:24:08.011 [main] INFO  com.yll.cache.Y2lcacheApplication -Starting Y2lcacheApplication on LQWLANT035 with PID 9516 (D:\IdeaProjects\y2lcache\target\classes started by yys1778 in D:\IdeaProjects\y2lcache)
2019-02-28 16:24:08.015 [main] INFO  com.yll.cache.Y2lcacheApplication -No active profile set, falling back to default profiles: default
2019-02-28 16:24:08.803 [main] INFO  o.s.d.r.c.RepositoryConfigurationDelegate -Multiple Spring Data modules found, entering strict repository configuration mode!
2019-02-28 16:24:08.805 [main] INFO  o.s.d.r.c.RepositoryConfigurationDelegate -Bootstrapping Spring Data repositories in DEFAULT mode.
2019-02-28 16:24:08.837 [main] INFO  o.s.d.r.c.RepositoryConfigurationDelegate -Finished Spring Data repository scanning in 18ms. Found 0 repository interfaces.
2019-02-28 16:24:09.597 [main] INFO  o.s.b.w.e.tomcat.TomcatWebServer -Tomcat initialized with port(s): 8011 (http)
2019-02-28 16:24:09.616 [main] INFO  o.a.coyote.http11.Http11NioProtocol -Initializing ProtocolHandler ["http-nio-8011"]
2019-02-28 16:24:09.626 [main] INFO  o.a.catalina.core.StandardService -Starting service [Tomcat]
2019-02-28 16:24:09.627 [main] INFO  o.a.catalina.core.StandardEngine -Starting Servlet engine: [Apache Tomcat/9.0.16]
2019-02-28 16:24:09.635 [main] INFO  o.a.c.core.AprLifecycleListener -The APR based Apache Tomcat Native library which allows optimal performance in production environments was not found on the java.library.path: [D:\Java\jdk1.8.0_191\bin;C:\Windows\Sun\Java\bin;C:\Windows\system32;C:\Windows;D:\Java\jdk1.8.0_191\bin;D:\Java\jdk1.8.0_191\jre\bin;D:\apache-maven-3.5.4\bin;C:\Windows\system32;C:\Windows;C:\Windows\System32\Wbem;C:\Windows\System32\WindowsPowerShell\v1.0\;D:\Program Files\Git\cmd;D:\Program Files\Redis\;.]
2019-02-28 16:24:09.860 [main] INFO  o.a.c.c.C.[Tomcat].[localhost].[/] -Initializing Spring embedded WebApplicationContext
2019-02-28 16:24:09.861 [main] INFO  o.s.web.context.ContextLoader -Root WebApplicationContext: initialization completed in 1809 ms
2019-02-28 16:24:10.095 [main] INFO  c.y.cache.config.RedisConfiguration -初始化 -> [Redis CacheErrorHandler]
2019-02-28 16:24:10.371 [main] INFO  o.s.s.c.ThreadPoolTaskExecutor -Initializing ExecutorService 'applicationTaskExecutor'
2019-02-28 16:24:10.637 [main] INFO  o.a.coyote.http11.Http11NioProtocol -Starting ProtocolHandler ["http-nio-8011"]
2019-02-28 16:24:10.662 [main] INFO  o.s.b.w.e.tomcat.TomcatWebServer -Tomcat started on port(s): 8011 (http) with context path ''
2019-02-28 16:24:10.666 [main] INFO  com.yll.cache.Y2lcacheApplication -Started Y2lcacheApplication in 2.964 seconds (JVM running for 5.591)
2019-02-28 16:27:02.127 [http-nio-8011-exec-1] INFO  o.a.c.c.C.[Tomcat].[localhost].[/] -Initializing Spring DispatcherServlet 'dispatcherServlet'
2019-02-28 16:27:02.127 [http-nio-8011-exec-1] INFO  o.s.web.servlet.DispatcherServlet -Initializing Servlet 'dispatcherServlet'
2019-02-28 16:27:02.133 [http-nio-8011-exec-1] INFO  o.s.web.servlet.DispatcherServlet -Completed initialization in 6 ms
2019-02-28 16:35:41.750 [main] INFO  com.yll.cache.Y2lcacheApplication -Starting Y2lcacheApplication on LQWLANT035 with PID 19448 (D:\IdeaProjects\y2lcache\target\classes started by yys1778 in D:\IdeaProjects\y2lcache)
2019-02-28 16:35:41.752 [main] INFO  com.yll.cache.Y2lcacheApplication -No active profile set, falling back to default profiles: default
2019-02-28 16:35:42.283 [main] INFO  o.s.d.r.c.RepositoryConfigurationDelegate -Multiple Spring Data modules found, entering strict repository configuration mode!
2019-02-28 16:35:42.284 [main] INFO  o.s.d.r.c.RepositoryConfigurationDelegate -Bootstrapping Spring Data repositories in DEFAULT mode.
2019-02-28 16:35:42.313 [main] INFO  o.s.d.r.c.RepositoryConfigurationDelegate -Finished Spring Data repository scanning in 14ms. Found 0 repository interfaces.
2019-02-28 16:35:42.815 [main] INFO  o.s.b.w.e.tomcat.TomcatWebServer -Tomcat initialized with port(s): 8011 (http)
2019-02-28 16:35:42.827 [main] INFO  o.a.coyote.http11.Http11NioProtocol -Initializing ProtocolHandler ["http-nio-8011"]
2019-02-28 16:35:42.835 [main] INFO  o.a.catalina.core.StandardService -Starting service [Tomcat]
2019-02-28 16:35:42.836 [main] INFO  o.a.catalina.core.StandardEngine -Starting Servlet engine: [Apache Tomcat/9.0.16]
2019-02-28 16:35:42.842 [main] INFO  o.a.c.core.AprLifecycleListener -The APR based Apache Tomcat Native library which allows optimal performance in production environments was not found on the java.library.path: [D:\Java\jdk1.8.0_191\bin;C:\Windows\Sun\Java\bin;C:\Windows\system32;C:\Windows;D:\Java\jdk1.8.0_191\bin;D:\Java\jdk1.8.0_191\jre\bin;D:\apache-maven-3.5.4\bin;C:\Windows\system32;C:\Windows;C:\Windows\System32\Wbem;C:\Windows\System32\WindowsPowerShell\v1.0\;D:\Program Files\Git\cmd;D:\Program Files\Redis\;.]
2019-02-28 16:35:42.939 [main] INFO  o.a.c.c.C.[Tomcat].[localhost].[/] -Initializing Spring embedded WebApplicationContext
2019-02-28 16:35:42.939 [main] INFO  o.s.web.context.ContextLoader -Root WebApplicationContext: initialization completed in 1116 ms
2019-02-28 16:35:43.167 [main] WARN  o.s.b.w.s.c.AnnotationConfigServletWebServerApplicationContext -Exception encountered during context initialization - cancelling refresh attempt: org.springframework.beans.factory.UnsatisfiedDependencyException: Error creating bean with name 'testController': Unsatisfied dependency expressed through field 'restTemplate'; nested exception is org.springframework.beans.factory.NoSuchBeanDefinitionException: No qualifying bean of type 'org.springframework.web.client.RestTemplate' available: expected at least 1 bean which qualifies as autowire candidate. Dependency annotations: {@org.springframework.beans.factory.annotation.Autowired(required=true)}
2019-02-28 16:35:43.362 [main] INFO  o.a.catalina.core.StandardService -Stopping service [Tomcat]
2019-02-28 16:35:43.375 [main] INFO  o.s.b.a.l.ConditionEvaluationReportLoggingListener -

Error starting ApplicationContext. To display the conditions report re-run your application with 'debug' enabled.
2019-02-28 16:35:43.986 [main] ERROR o.s.b.d.LoggingFailureAnalysisReporter -

***************************
APPLICATION FAILED TO START
***************************

Description:

Field restTemplate in com.yll.cache.controller.TestController required a bean of type 'org.springframework.web.client.RestTemplate' that could not be found.

The injection point has the following annotations:
	- @org.springframework.beans.factory.annotation.Autowired(required=true)


Action:

Consider defining a bean of type 'org.springframework.web.client.RestTemplate' in your configuration.

2019-02-28 16:39:47.717 [main] INFO  com.yll.cache.Y2lcacheApplication -Starting Y2lcacheApplication on LQWLANT035 with PID 1800 (D:\IdeaProjects\y2lcache\target\classes started by yys1778 in D:\IdeaProjects\y2lcache)
2019-02-28 16:39:47.723 [main] INFO  com.yll.cache.Y2lcacheApplication -No active profile set, falling back to default profiles: default
2019-02-28 16:39:48.410 [main] INFO  o.s.d.r.c.RepositoryConfigurationDelegate -Multiple Spring Data modules found, entering strict repository configuration mode!
2019-02-28 16:39:48.412 [main] INFO  o.s.d.r.c.RepositoryConfigurationDelegate -Bootstrapping Spring Data repositories in DEFAULT mode.
2019-02-28 16:39:48.441 [main] INFO  o.s.d.r.c.RepositoryConfigurationDelegate -Finished Spring Data repository scanning in 15ms. Found 0 repository interfaces.
2019-02-28 16:39:48.949 [main] INFO  o.s.b.w.e.tomcat.TomcatWebServer -Tomcat initialized with port(s): 8011 (http)
2019-02-28 16:39:48.963 [main] INFO  o.a.coyote.http11.Http11NioProtocol -Initializing ProtocolHandler ["http-nio-8011"]
2019-02-28 16:39:48.970 [main] INFO  o.a.catalina.core.StandardService -Starting service [Tomcat]
2019-02-28 16:39:48.971 [main] INFO  o.a.catalina.core.StandardEngine -Starting Servlet engine: [Apache Tomcat/9.0.16]
2019-02-28 16:39:48.977 [main] INFO  o.a.c.core.AprLifecycleListener -The APR based Apache Tomcat Native library which allows optimal performance in production environments was not found on the java.library.path: [D:\Java\jdk1.8.0_191\bin;C:\Windows\Sun\Java\bin;C:\Windows\system32;C:\Windows;D:\Java\jdk1.8.0_191\bin;D:\Java\jdk1.8.0_191\jre\bin;D:\apache-maven-3.5.4\bin;C:\Windows\system32;C:\Windows;C:\Windows\System32\Wbem;C:\Windows\System32\WindowsPowerShell\v1.0\;D:\Program Files\Git\cmd;D:\Program Files\Redis\;.]
2019-02-28 16:39:49.079 [main] INFO  o.a.c.c.C.[Tomcat].[localhost].[/] -Initializing Spring embedded WebApplicationContext
2019-02-28 16:39:49.079 [main] INFO  o.s.web.context.ContextLoader -Root WebApplicationContext: initialization completed in 1316 ms
2019-02-28 16:39:50.703 [main] INFO  c.y.cache.config.RedisConfiguration -初始化 -> [Redis CacheErrorHandler]
2019-02-28 16:39:50.941 [main] INFO  o.s.s.c.ThreadPoolTaskExecutor -Initializing ExecutorService 'applicationTaskExecutor'
2019-02-28 16:39:51.541 [main] INFO  o.a.coyote.http11.Http11NioProtocol -Starting ProtocolHandler ["http-nio-8011"]
2019-02-28 16:39:51.567 [main] INFO  o.s.b.w.e.tomcat.TomcatWebServer -Tomcat started on port(s): 8011 (http) with context path ''
2019-02-28 16:39:51.571 [main] INFO  com.yll.cache.Y2lcacheApplication -Started Y2lcacheApplication in 4.387 seconds (JVM running for 6.091)
2019-02-28 16:40:08.664 [http-nio-8011-exec-2] INFO  o.a.c.c.C.[Tomcat].[localhost].[/] -Initializing Spring DispatcherServlet 'dispatcherServlet'
2019-02-28 16:40:08.665 [http-nio-8011-exec-2] INFO  o.s.web.servlet.DispatcherServlet -Initializing Servlet 'dispatcherServlet'
2019-02-28 16:40:08.686 [http-nio-8011-exec-2] INFO  o.s.web.servlet.DispatcherServlet -Completed initialization in 21 ms
2019-02-28 16:48:05.606 [main] INFO  com.yll.cache.Y2lcacheApplication -Starting Y2lcacheApplication on LQWLANT035 with PID 5880 (D:\IdeaProjects\y2lcache\target\classes started by yys1778 in D:\IdeaProjects\y2lcache)
2019-02-28 16:48:05.608 [main] INFO  com.yll.cache.Y2lcacheApplication -No active profile set, falling back to default profiles: default
2019-02-28 16:48:06.364 [main] INFO  o.s.d.r.c.RepositoryConfigurationDelegate -Multiple Spring Data modules found, entering strict repository configuration mode!
2019-02-28 16:48:06.366 [main] INFO  o.s.d.r.c.RepositoryConfigurationDelegate -Bootstrapping Spring Data repositories in DEFAULT mode.
2019-02-28 16:48:06.395 [main] INFO  o.s.d.r.c.RepositoryConfigurationDelegate -Finished Spring Data repository scanning in 15ms. Found 0 repository interfaces.
2019-02-28 16:48:07.064 [main] INFO  o.s.b.w.e.tomcat.TomcatWebServer -Tomcat initialized with port(s): 8011 (http)
2019-02-28 16:48:07.086 [main] INFO  o.a.coyote.http11.Http11NioProtocol -Initializing ProtocolHandler ["http-nio-8011"]
2019-02-28 16:48:07.097 [main] INFO  o.a.catalina.core.StandardService -Starting service [Tomcat]
2019-02-28 16:48:07.097 [main] INFO  o.a.catalina.core.StandardEngine -Starting Servlet engine: [Apache Tomcat/9.0.16]
2019-02-28 16:48:07.105 [main] INFO  o.a.c.core.AprLifecycleListener -The APR based Apache Tomcat Native library which allows optimal performance in production environments was not found on the java.library.path: [D:\Java\jdk1.8.0_191\bin;C:\Windows\Sun\Java\bin;C:\Windows\system32;C:\Windows;D:\Java\jdk1.8.0_191\bin;D:\Java\jdk1.8.0_191\jre\bin;D:\apache-maven-3.5.4\bin;C:\Windows\system32;C:\Windows;C:\Windows\System32\Wbem;C:\Windows\System32\WindowsPowerShell\v1.0\;D:\Program Files\Git\cmd;D:\Program Files\Redis\;.]
2019-02-28 16:48:07.248 [main] INFO  o.a.c.c.C.[Tomcat].[localhost].[/] -Initializing Spring embedded WebApplicationContext
2019-02-28 16:48:07.248 [main] INFO  o.s.web.context.ContextLoader -Root WebApplicationContext: initialization completed in 1605 ms
2019-02-28 16:48:07.796 [main] INFO  c.y.cache.config.RedisConfiguration -初始化 -> [Redis CacheErrorHandler]
2019-02-28 16:48:07.950 [main] INFO  o.s.s.c.ThreadPoolTaskExecutor -Initializing ExecutorService 'applicationTaskExecutor'
2019-02-28 16:48:08.332 [main] INFO  o.a.coyote.http11.Http11NioProtocol -Starting ProtocolHandler ["http-nio-8011"]
2019-02-28 16:48:08.362 [main] INFO  o.s.b.w.e.tomcat.TomcatWebServer -Tomcat started on port(s): 8011 (http) with context path ''
2019-02-28 16:48:08.366 [main] INFO  com.yll.cache.Y2lcacheApplication -Started Y2lcacheApplication in 3.168 seconds (JVM running for 5.194)
2019-02-28 16:48:27.468 [http-nio-8011-exec-2] INFO  o.a.c.c.C.[Tomcat].[localhost].[/] -Initializing Spring DispatcherServlet 'dispatcherServlet'
2019-02-28 16:48:27.468 [http-nio-8011-exec-2] INFO  o.s.web.servlet.DispatcherServlet -Initializing Servlet 'dispatcherServlet'
2019-02-28 16:48:27.477 [http-nio-8011-exec-2] INFO  o.s.web.servlet.DispatcherServlet -Completed initialization in 9 ms
2019-02-28 16:49:31.540 [main] INFO  com.yll.cache.Y2lcacheApplication -Starting Y2lcacheApplication on LQWLANT035 with PID 17964 (D:\IdeaProjects\y2lcache\target\classes started by yys1778 in D:\IdeaProjects\y2lcache)
2019-02-28 16:49:31.544 [main] INFO  com.yll.cache.Y2lcacheApplication -No active profile set, falling back to default profiles: default
2019-02-28 16:49:32.473 [main] INFO  o.s.d.r.c.RepositoryConfigurationDelegate -Multiple Spring Data modules found, entering strict repository configuration mode!
2019-02-28 16:49:32.475 [main] INFO  o.s.d.r.c.RepositoryConfigurationDelegate -Bootstrapping Spring Data repositories in DEFAULT mode.
2019-02-28 16:49:32.507 [main] INFO  o.s.d.r.c.RepositoryConfigurationDelegate -Finished Spring Data repository scanning in 17ms. Found 0 repository interfaces.
2019-02-28 16:49:33.159 [main] INFO  o.s.b.w.e.tomcat.TomcatWebServer -Tomcat initialized with port(s): 8011 (http)
2019-02-28 16:49:33.179 [main] INFO  o.a.coyote.http11.Http11NioProtocol -Initializing ProtocolHandler ["http-nio-8011"]
2019-02-28 16:49:33.189 [main] INFO  o.a.catalina.core.StandardService -Starting service [Tomcat]
2019-02-28 16:49:33.189 [main] INFO  o.a.catalina.core.StandardEngine -Starting Servlet engine: [Apache Tomcat/9.0.16]
2019-02-28 16:49:33.199 [main] INFO  o.a.c.core.AprLifecycleListener -The APR based Apache Tomcat Native library which allows optimal performance in production environments was not found on the java.library.path: [D:\Java\jdk1.8.0_191\bin;C:\Windows\Sun\Java\bin;C:\Windows\system32;C:\Windows;D:\Java\jdk1.8.0_191\bin;D:\Java\jdk1.8.0_191\jre\bin;D:\apache-maven-3.5.4\bin;C:\Windows\system32;C:\Windows;C:\Windows\System32\Wbem;C:\Windows\System32\WindowsPowerShell\v1.0\;D:\Program Files\Git\cmd;D:\Program Files\Redis\;.]
2019-02-28 16:49:33.404 [main] INFO  o.a.c.c.C.[Tomcat].[localhost].[/] -Initializing Spring embedded WebApplicationContext
2019-02-28 16:49:33.405 [main] INFO  o.s.web.context.ContextLoader -Root WebApplicationContext: initialization completed in 1810 ms
2019-02-28 16:49:33.929 [main] INFO  c.y.cache.config.RedisConfiguration -初始化 -> [Redis CacheErrorHandler]
2019-02-28 16:49:34.045 [main] INFO  o.s.s.c.ThreadPoolTaskExecutor -Initializing ExecutorService 'applicationTaskExecutor'
2019-02-28 16:49:34.291 [main] INFO  o.a.coyote.http11.Http11NioProtocol -Starting ProtocolHandler ["http-nio-8011"]
2019-02-28 16:49:34.320 [main] INFO  o.s.b.w.e.tomcat.TomcatWebServer -Tomcat started on port(s): 8011 (http) with context path ''
2019-02-28 16:49:34.323 [main] INFO  com.yll.cache.Y2lcacheApplication -Started Y2lcacheApplication in 3.218 seconds (JVM running for 5.22)
2019-02-28 16:49:48.452 [http-nio-8011-exec-1] INFO  o.a.c.c.C.[Tomcat].[localhost].[/] -Initializing Spring DispatcherServlet 'dispatcherServlet'
2019-02-28 16:49:48.453 [http-nio-8011-exec-1] INFO  o.s.web.servlet.DispatcherServlet -Initializing Servlet 'dispatcherServlet'
2019-02-28 16:49:48.458 [http-nio-8011-exec-1] INFO  o.s.web.servlet.DispatcherServlet -Completed initialization in 5 ms
2019-02-28 16:55:54.558 [main] INFO  com.yll.cache.Y2lcacheApplication -Starting Y2lcacheApplication on LQWLANT035 with PID 11044 (D:\IdeaProjects\y2lcache\target\classes started by yys1778 in D:\IdeaProjects\y2lcache)
2019-02-28 16:55:54.561 [main] INFO  com.yll.cache.Y2lcacheApplication -No active profile set, falling back to default profiles: default
2019-02-28 16:55:55.327 [main] INFO  o.s.d.r.c.RepositoryConfigurationDelegate -Multiple Spring Data modules found, entering strict repository configuration mode!
2019-02-28 16:55:55.330 [main] INFO  o.s.d.r.c.RepositoryConfigurationDelegate -Bootstrapping Spring Data repositories in DEFAULT mode.
2019-02-28 16:55:55.366 [main] INFO  o.s.d.r.c.RepositoryConfigurationDelegate -Finished Spring Data repository scanning in 20ms. Found 0 repository interfaces.
2019-02-28 16:55:56.044 [main] INFO  o.s.b.w.e.tomcat.TomcatWebServer -Tomcat initialized with port(s): 8011 (http)
2019-02-28 16:55:56.067 [main] INFO  o.a.coyote.http11.Http11NioProtocol -Initializing ProtocolHandler ["http-nio-8011"]
2019-02-28 16:55:56.087 [main] INFO  o.a.catalina.core.StandardService -Starting service [Tomcat]
2019-02-28 16:55:56.088 [main] INFO  o.a.catalina.core.StandardEngine -Starting Servlet engine: [Apache Tomcat/9.0.16]
2019-02-28 16:55:56.098 [main] INFO  o.a.c.core.AprLifecycleListener -The APR based Apache Tomcat Native library which allows optimal performance in production environments was not found on the java.library.path: [D:\Java\jdk1.8.0_191\bin;C:\Windows\Sun\Java\bin;C:\Windows\system32;C:\Windows;D:\Java\jdk1.8.0_191\bin;D:\Java\jdk1.8.0_191\jre\bin;D:\apache-maven-3.5.4\bin;C:\Windows\system32;C:\Windows;C:\Windows\System32\Wbem;C:\Windows\System32\WindowsPowerShell\v1.0\;D:\Program Files\Git\cmd;D:\Program Files\Redis\;.]
2019-02-28 16:55:56.254 [main] INFO  o.a.c.c.C.[Tomcat].[localhost].[/] -Initializing Spring embedded WebApplicationContext
2019-02-28 16:55:56.255 [main] INFO  o.s.web.context.ContextLoader -Root WebApplicationContext: initialization completed in 1637 ms
2019-02-28 16:55:56.732 [main] INFO  c.y.cache.config.RedisConfiguration -初始化 -> [Redis CacheErrorHandler]
2019-02-28 16:55:56.830 [main] INFO  o.s.s.c.ThreadPoolTaskExecutor -Initializing ExecutorService 'applicationTaskExecutor'
2019-02-28 16:55:57.061 [main] INFO  o.a.coyote.http11.Http11NioProtocol -Starting ProtocolHandler ["http-nio-8011"]
2019-02-28 16:55:57.087 [main] INFO  o.s.b.w.e.tomcat.TomcatWebServer -Tomcat started on port(s): 8011 (http) with context path ''
2019-02-28 16:55:57.090 [main] INFO  com.yll.cache.Y2lcacheApplication -Started Y2lcacheApplication in 2.957 seconds (JVM running for 5.079)
2019-02-28 16:56:56.702 [http-nio-8011-exec-1] INFO  o.a.c.c.C.[Tomcat].[localhost].[/] -Initializing Spring DispatcherServlet 'dispatcherServlet'
2019-02-28 16:56:56.702 [http-nio-8011-exec-1] INFO  o.s.web.servlet.DispatcherServlet -Initializing Servlet 'dispatcherServlet'
2019-02-28 16:56:56.709 [http-nio-8011-exec-1] INFO  o.s.web.servlet.DispatcherServlet -Completed initialization in 7 ms
